{"timestamp":"2026-04-17T01:50:30.109Z","level":"info","event":"db.connected","engine":"mongodb","message":"db.connected"}
{"timestamp":"2026-04-17T01:50:30.113Z","level":"info","event":"scheduler.reminder-sweep.started","cronExpression":"*/5 * * * *","message":"scheduler.reminder-sweep.started"}
{"timestamp":"2026-04-17T01:50:30.117Z","level":"info","event":"scheduler.source-sync.disabled","message":"scheduler.source-sync.disabled"}
{"timestamp":"2026-04-17T01:50:30.122Z","level":"info","event":"server.started","port":3000,"url":"http://localhost:3000","environment":"development","message":"server.started"}
{"timestamp":"2026-04-17T01:50:30.186Z","level":"info","event":"scheduler.reminder-sweep.completed","ranAt":"2026-04-17T01:50:30.115Z","assignmentNotifications":0,"reminderNotifications":0,"message":"scheduler.reminder-sweep.completed"}
{"timestamp":"2026-04-17T01:50:48.827Z","level":"info","event":"request.completed","method":"GET","path":"/api/health","statusCode":200,"durationMs":5,"ip":"::1","userId":null,"message":"request.completed"}
{"timestamp":"2026-04-17T01:51:22.559Z","level":"info","event":"request.completed","method":"POST","path":"/api/auth/register","statusCode":201,"durationMs":189,"ip":"::1","userId":null,"message":"request.completed"}
{"timestamp":"2026-04-17T01:51:22.602Z","level":"info","event":"request.completed","method":"POST","path":"/api/integrations","statusCode":201,"durationMs":26,"ip":"::1","userId":"69e1921afe3665d86398605d","message":"request.completed"}
{"timestamp":"2026-04-17T01:51:22.623Z","level":"warn","event":"request.failed","method":"POST","path":"/api/integrations/69e1921afe3665d863986061/telegram/test","statusCode":400,"message":"Telegram bot token is missing.","userId":"69e1921afe3665d86398605d"}
{"timestamp":"2026-04-17T01:51:22.624Z","level":"warn","event":"request.completed","method":"POST","path":"/api/integrations/69e1921afe3665d863986061/telegram/test","statusCode":400,"durationMs":19,"ip":"::1","userId":"69e1921afe3665d86398605d","message":"request.completed"}
{"timestamp":"2026-04-17T01:51:22.638Z","level":"info","event":"telegram.request.started","endpoint":"https://api.telegram.org/bot<redacted>/getMe","method":"getMe","proxyConfigured":false,"ipFamily":0,"message":"telegram.request.started"}
{"timestamp":"2026-04-17T01:51:38.116Z","level":"info","event":"request.completed","method":"PUT","path":"/api/integrations/69e1921afe3665d863986061","statusCode":200,"durationMs":15489,"ip":"::1","userId":"69e1921afe3665d86398605d","message":"request.completed"}
{"timestamp":"2026-04-17T01:51:38.145Z","level":"info","event":"telegram.request.started","endpoint":"https://api.telegram.org/bot<redacted>/getMe","method":"getMe","proxyConfigured":false,"ipFamily":0,"message":"telegram.request.started"}
{"timestamp":"2026-04-17T01:51:53.679Z","level":"info","event":"telegram.request.started","endpoint":"https://api.telegram.org/bot<redacted>/getMe","method":"getMe","proxyConfigured":false,"ipFamily":0,"message":"telegram.request.started"}
{"timestamp":"2026-04-17T01:52:09.143Z","level":"info","event":"request.completed","method":"GET","path":"/api/integrations","statusCode":200,"durationMs":8,"ip":"::1","userId":"69e1921afe3665d86398605d","message":"request.completed"}
{"timestamp":"2026-04-17T01:52:55.785Z","level":"info","event":"request.completed","method":"POST","path":"/api/auth/register","statusCode":201,"durationMs":129,"ip":"::1","userId":null,"message":"request.completed"}
{"timestamp":"2026-04-17T01:52:55.814Z","level":"info","event":"request.completed","method":"POST","path":"/api/integrations","statusCode":201,"durationMs":13,"ip":"::1","userId":"69e19277fe3665d863986074","message":"request.completed"}
{"timestamp":"2026-04-17T01:52:55.827Z","level":"warn","event":"request.failed","method":"POST","path":"/api/integrations/69e19277fe3665d863986078/telegram/discover-chats","statusCode":400,"message":"Telegram bot token is missing.","userId":"69e19277fe3665d863986074"}
{"timestamp":"2026-04-17T01:52:55.828Z","level":"warn","event":"request.completed","method":"POST","path":"/api/integrations/69e19277fe3665d863986078/telegram/discover-chats","statusCode":400,"durationMs":11,"ip":"::1","userId":"69e19277fe3665d863986074","message":"request.completed"}
{"timestamp":"2026-04-17T01:52:55.842Z","level":"warn","event":"request.failed","method":"POST","path":"/api/integrations/69e19277fe3665d863986078/sync","statusCode":400,"message":"Telegram bot token is missing.","userId":"69e19277fe3665d863986074"}
{"timestamp":"2026-04-17T01:52:55.843Z","level":"warn","event":"request.completed","method":"POST","path":"/api/integrations/69e19277fe3665d863986078/sync","statusCode":400,"durationMs":11,"ip":"::1","userId":"69e19277fe3665d863986074","message":"request.completed"}
{"timestamp":"2026-04-17T01:53:14.248Z","level":"info","event":"request.completed","method":"POST","path":"/api/auth/register","statusCode":201,"durationMs":136,"ip":"::1","userId":null,"message":"request.completed"}
{"timestamp":"2026-04-17T01:53:14.309Z","level":"info","event":"telegram.request.started","endpoint":"https://api.telegram.org/bot<redacted>/getMe","method":"getMe","proxyConfigured":false,"ipFamily":0,"message":"telegram.request.started"}
{"timestamp":"2026-04-17T01:53:29.825Z","level":"info","event":"request.completed","method":"POST","path":"/api/integrations","statusCode":201,"durationMs":15526,"ip":"::1","userId":"69e1928afe3665d863986082","message":"request.completed"}
{"timestamp":"2026-04-17T01:53:29.841Z","level":"info","event":"telegram.request.started","endpoint":"https://api.telegram.org/bot<redacted>/getMe","method":"getMe","proxyConfigured":false,"ipFamily":0,"message":"telegram.request.started"}
{"timestamp":"2026-04-17T01:55:00.228Z","level":"info","event":"scheduler.reminder-sweep.completed","ranAt":"2026-04-17T01:55:00.201Z","assignmentNotifications":0,"reminderNotifications":0,"message":"scheduler.reminder-sweep.completed"}
{"timestamp":"2026-04-17T01:58:49.414Z","level":"info","event":"request.completed","method":"GET","path":"/api/auth/me","statusCode":200,"durationMs":8,"ip":"::1","userId":"69d8f417a2187acfbe69049f","message":"request.completed"}
{"timestamp":"2026-04-17T01:58:50.211Z","level":"info","event":"request.completed","method":"GET","path":"/api/integrations","statusCode":200,"durationMs":234,"ip":"::1","userId":"69d8f417a2187acfbe69049f","message":"request.completed"}
{"timestamp":"2026-04-17T01:58:50.237Z","level":"info","event":"request.completed","method":"GET","path":"/api/assignments","statusCode":200,"durationMs":261,"ip":"::1","userId":"69d8f417a2187acfbe69049f","message":"request.completed"}
{"timestamp":"2026-04-17T01:58:50.260Z","level":"info","event":"request.completed","method":"GET","path":"/api/rooms","statusCode":200,"durationMs":284,"ip":"::1","userId":"69d8f417a2187acfbe69049f","message":"request.completed"}
{"timestamp":"2026-04-17T01:58:50.291Z","level":"info","event":"request.completed","method":"GET","path":"/api/reminders","statusCode":200,"durationMs":314,"ip":"::1","userId":"69d8f417a2187acfbe69049f","message":"request.completed"}
{"timestamp":"2026-04-17T01:58:50.294Z","level":"info","event":"request.completed","method":"GET","path":"/api/notes","statusCode":200,"durationMs":317,"ip":"::1","userId":"69d8f417a2187acfbe69049f","message":"request.completed"}
{"timestamp":"2026-04-17T01:58:50.308Z","level":"info","event":"request.completed","method":"GET","path":"/api/dashboard/overview","statusCode":200,"durationMs":336,"ip":"::1","userId":"69d8f417a2187acfbe69049f","message":"request.completed"}
{"timestamp":"2026-04-17T01:58:54.176Z","level":"warn","event":"request.failed","method":"POST","path":"/api/integrations/69e18e470e7b8c8d1130f0db/telegram/test","statusCode":400,"message":"Telegram bot token is missing.","userId":"69d8f417a2187acfbe69049f"}
{"timestamp":"2026-04-17T01:58:54.178Z","level":"warn","event":"request.completed","method":"POST","path":"/api/integrations/69e18e470e7b8c8d1130f0db/telegram/test","statusCode":400,"durationMs":30,"ip":"::1","userId":"69d8f417a2187acfbe69049f","message":"request.completed"}
{"timestamp":"2026-04-17T01:58:54.221Z","level":"info","event":"request.completed","method":"GET","path":"/api/dashboard/overview","statusCode":304,"durationMs":34,"ip":"::1","userId":"69d8f417a2187acfbe69049f","message":"request.completed"}
{"timestamp":"2026-04-17T01:58:54.330Z","level":"info","event":"request.completed","method":"GET","path":"/api/rooms","statusCode":304,"durationMs":140,"ip":"::1","userId":"69d8f417a2187acfbe69049f","message":"request.completed"}
{"timestamp":"2026-04-17T01:58:54.338Z","level":"info","event":"request.completed","method":"GET","path":"/api/assignments","statusCode":304,"durationMs":150,"ip":"::1","userId":"69d8f417a2187acfbe69049f","message":"request.completed"}
{"timestamp":"2026-04-17T01:58:54.349Z","level":"info","event":"request.completed","method":"GET","path":"/api/reminders","statusCode":304,"durationMs":161,"ip":"::1","userId":"69d8f417a2187acfbe69049f","message":"request.completed"}
{"timestamp":"2026-04-17T01:58:54.353Z","level":"info","event":"request.completed","method":"GET","path":"/api/notes","statusCode":304,"durationMs":164,"ip":"::1","userId":"69d8f417a2187acfbe69049f","message":"request.completed"}
{"timestamp":"2026-04-17T01:58:54.363Z","level":"info","event":"request.completed","method":"GET","path":"/api/integrations","statusCode":200,"durationMs":174,"ip":"::1","userId":"69d8f417a2187acfbe69049f","message":"request.completed"}
{"timestamp":"2026-04-17T01:59:15.277Z","level":"info","event":"telegram.request.started","endpoint":"https://api.telegram.org/bot<redacted>/getMe","method":"getMe","proxyConfigured":false,"ipFamily":0,"message":"telegram.request.started"}
{"timestamp":"2026-04-17T01:59:24.837Z","level":"info","event":"telegram.request.started","endpoint":"https://api.telegram.org/bot<redacted>/getMe","method":"getMe","proxyConfigured":false,"ipFamily":0,"message":"telegram.request.started"}
{"timestamp":"2026-04-17T01:59:26.346Z","level":"info","event":"telegram.request.started","endpoint":"https://api.telegram.org/bot<redacted>/getMe","method":"getMe","proxyConfigured":false,"ipFamily":0,"message":"telegram.request.started"}
{"timestamp":"2026-04-17T01:59:30.934Z","level":"info","event":"request.completed","method":"PUT","path":"/api/integrations/69e18e470e7b8c8d1130f0db","statusCode":200,"durationMs":15670,"ip":"::1","userId":"69d8f417a2187acfbe69049f","message":"request.completed"}
{"timestamp":"2026-04-17T01:59:31.035Z","level":"info","event":"request.completed","method":"GET","path":"/api/assignments","statusCode":304,"durationMs":89,"ip":"::1","userId":"69d8f417a2187acfbe69049f","message":"request.completed"}
{"timestamp":"2026-04-17T01:59:31.046Z","level":"info","event":"request.completed","method":"GET","path":"/api/reminders","statusCode":304,"durationMs":101,"ip":"::1","userId":"69d8f417a2187acfbe69049f","message":"request.completed"}
{"timestamp":"2026-04-17T01:59:31.048Z","level":"info","event":"request.completed","method":"GET","path":"/api/notes","statusCode":304,"durationMs":103,"ip":"::1","userId":"69d8f417a2187acfbe69049f","message":"request.completed"}
{"timestamp":"2026-04-17T01:59:31.077Z","level":"info","event":"request.completed","method":"GET","path":"/api/integrations","statusCode":200,"durationMs":22,"ip":"::1","userId":"69d8f417a2187acfbe69049f","message":"request.completed"}
{"timestamp":"2026-04-17T01:59:31.085Z","level":"info","event":"request.completed","method":"GET","path":"/api/dashboard/overview","statusCode":200,"durationMs":143,"ip":"::1","userId":"69d8f417a2187acfbe69049f","message":"request.completed"}
{"timestamp":"2026-04-17T01:59:31.087Z","level":"info","event":"request.completed","method":"GET","path":"/api/rooms","statusCode":304,"durationMs":31,"ip":"::1","userId":"69d8f417a2187acfbe69049f","message":"request.completed"}
{"timestamp":"2026-04-17T01:59:35.863Z","level":"info","event":"telegram.request.started","endpoint":"https://api.telegram.org/bot<redacted>/getMe","method":"getMe","proxyConfigured":false,"ipFamily":0,"message":"telegram.request.started"}
{"timestamp":"2026-04-17T01:59:40.334Z","level":"info","event":"request.completed","method":"PUT","path":"/api/integrations/69e18e470e7b8c8d1130f0db","statusCode":200,"durationMs":15607,"ip":"::1","userId":"69d8f417a2187acfbe69049f","message":"request.completed"}
{"timestamp":"2026-04-17T01:59:40.463Z","level":"info","event":"request.completed","method":"GET","path":"/api/assignments","statusCode":304,"durationMs":110,"ip":"::1","userId":"69d8f417a2187acfbe69049f","message":"request.completed"}
{"timestamp":"2026-04-17T01:59:40.472Z","level":"info","event":"request.completed","method":"GET","path":"/api/reminders","statusCode":304,"durationMs":118,"ip":"::1","userId":"69d8f417a2187acfbe69049f","message":"request.completed"}
{"timestamp":"2026-04-17T01:59:40.497Z","level":"info","event":"request.completed","method":"GET","path":"/api/notes","statusCode":304,"durationMs":126,"ip":"::1","userId":"69d8f417a2187acfbe69049f","message":"request.completed"}
{"timestamp":"2026-04-17T01:59:40.523Z","level":"info","event":"request.completed","method":"GET","path":"/api/integrations","statusCode":200,"durationMs":33,"ip":"::1","userId":"69d8f417a2187acfbe69049f","message":"request.completed"}
{"timestamp":"2026-04-17T01:59:40.537Z","level":"info","event":"request.completed","method":"GET","path":"/api/rooms","statusCode":304,"durationMs":42,"ip":"::1","userId":"69d8f417a2187acfbe69049f","message":"request.completed"}
{"timestamp":"2026-04-17T01:59:40.547Z","level":"info","event":"request.completed","method":"GET","path":"/api/dashboard/overview","statusCode":200,"durationMs":199,"ip":"::1","userId":"69d8f417a2187acfbe69049f","message":"request.completed"}
{"timestamp":"2026-04-17T01:59:41.864Z","level":"info","event":"request.completed","method":"PUT","path":"/api/integrations/69e18e470e7b8c8d1130f0db","statusCode":200,"durationMs":15597,"ip":"::1","userId":"69d8f417a2187acfbe69049f","message":"request.completed"}
{"timestamp":"2026-04-17T01:59:41.948Z","level":"info","event":"request.completed","method":"GET","path":"/api/assignments","statusCode":304,"durationMs":74,"ip":"::1","userId":"69d8f417a2187acfbe69049f","message":"request.completed"}
{"timestamp":"2026-04-17T01:59:41.955Z","level":"info","event":"request.completed","method":"GET","path":"/api/reminders","statusCode":304,"durationMs":80,"ip":"::1","userId":"69d8f417a2187acfbe69049f","message":"request.completed"}
{"timestamp":"2026-04-17T01:59:41.958Z","level":"info","event":"request.completed","method":"GET","path":"/api/notes","statusCode":304,"durationMs":83,"ip":"::1","userId":"69d8f417a2187acfbe69049f","message":"request.completed"}
{"timestamp":"2026-04-17T01:59:41.982Z","level":"info","event":"request.completed","method":"GET","path":"/api/integrations","statusCode":200,"durationMs":96,"ip":"::1","userId":"69d8f417a2187acfbe69049f","message":"request.completed"}
{"timestamp":"2026-04-17T01:59:42.093Z","level":"info","event":"request.completed","method":"GET","path":"/api/dashboard/overview","statusCode":200,"durationMs":219,"ip":"::1","userId":"69d8f417a2187acfbe69049f","message":"request.completed"}
{"timestamp":"2026-04-17T01:59:42.100Z","level":"info","event":"request.completed","method":"GET","path":"/api/rooms","statusCode":304,"durationMs":123,"ip":"::1","userId":"69d8f417a2187acfbe69049f","message":"request.completed"}
{"timestamp":"2026-04-17T01:59:51.612Z","level":"info","event":"request.completed","method":"GET","path":"/api/dashboard/overview","statusCode":200,"durationMs":90,"ip":"::1","userId":"69d8f417a2187acfbe69049f","message":"request.completed"}
{"timestamp":"2026-04-17T01:59:51.671Z","level":"info","event":"request.completed","method":"GET","path":"/api/assignments","statusCode":304,"durationMs":86,"ip":"::1","userId":"69d8f417a2187acfbe69049f","message":"request.completed"}
{"timestamp":"2026-04-17T01:59:51.681Z","level":"info","event":"request.completed","method":"GET","path":"/api/reminders","statusCode":304,"durationMs":80,"ip":"::1","userId":"69d8f417a2187acfbe69049f","message":"request.completed"}
{"timestamp":"2026-04-17T01:59:51.683Z","level":"info","event":"request.completed","method":"GET","path":"/api/notes","statusCode":304,"durationMs":81,"ip":"::1","userId":"69d8f417a2187acfbe69049f","message":"request.completed"}
{"timestamp":"2026-04-17T01:59:51.691Z","level":"info","event":"request.completed","method":"GET","path":"/api/integrations","statusCode":200,"durationMs":19,"ip":"::1","userId":"69d8f417a2187acfbe69049f","message":"request.completed"}
{"timestamp":"2026-04-17T01:59:51.698Z","level":"info","event":"request.completed","method":"GET","path":"/api/rooms","statusCode":304,"durationMs":22,"ip":"::1","userId":"69d8f417a2187acfbe69049f","message":"request.completed"}
{"timestamp":"2026-04-17T02:00:00.829Z","level":"info","event":"scheduler.reminder-sweep.completed","ranAt":"2026-04-17T02:00:00.803Z","assignmentNotifications":0,"reminderNotifications":0,"message":"scheduler.reminder-sweep.completed"}
{"timestamp":"2026-04-17T02:00:51.776Z","level":"info","event":"telegram.request.started","endpoint":"https://api.telegram.org/bot<redacted>/getMe","method":"getMe","proxyConfigured":false,"ipFamily":0,"message":"telegram.request.started"}
{"timestamp":"2026-04-17T02:00:53.811Z","level":"info","event":"telegram.request.succeeded","endpoint":"https://api.telegram.org/bot<redacted>/getMe","method":"getMe","httpStatus":200,"message":"telegram.request.succeeded"}
{"timestamp":"2026-04-17T02:00:53.856Z","level":"info","event":"request.completed","method":"POST","path":"/api/integrations/69e18e470e7b8c8d1130f0db/telegram/test","statusCode":200,"durationMs":2116,"ip":"::1","userId":"69d8f417a2187acfbe69049f","message":"request.completed"}
{"timestamp":"2026-04-17T02:00:53.937Z","level":"info","event":"request.completed","method":"GET","path":"/api/notes","statusCode":304,"durationMs":58,"ip":"::1","userId":"69d8f417a2187acfbe69049f","message":"request.completed"}
{"timestamp":"2026-04-17T02:00:54.035Z","level":"info","event":"request.completed","method":"GET","path":"/api/integrations","statusCode":200,"durationMs":156,"ip":"::1","userId":"69d8f417a2187acfbe69049f","message":"request.completed"}
{"timestamp":"2026-04-17T02:00:54.054Z","level":"info","event":"request.completed","method":"GET","path":"/api/assignments","statusCode":304,"durationMs":161,"ip":"::1","userId":"69d8f417a2187acfbe69049f","message":"request.completed"}
{"timestamp":"2026-04-17T02:00:54.073Z","level":"info","event":"request.completed","method":"GET","path":"/api/reminders","statusCode":304,"durationMs":180,"ip":"::1","userId":"69d8f417a2187acfbe69049f","message":"request.completed"}
{"timestamp":"2026-04-17T02:00:54.181Z","level":"info","event":"request.completed","method":"GET","path":"/api/rooms","statusCode":304,"durationMs":278,"ip":"::1","userId":"69d8f417a2187acfbe69049f","message":"request.completed"}
{"timestamp":"2026-04-17T02:00:54.239Z","level":"info","event":"request.completed","method":"GET","path":"/api/dashboard/overview","statusCode":200,"durationMs":373,"ip":"::1","userId":"69d8f417a2187acfbe69049f","message":"request.completed"}
{"timestamp":"2026-04-17T02:00:59.288Z","level":"info","event":"telegram.request.started","endpoint":"https://api.telegram.org/bot<redacted>/getMe","method":"getMe","proxyConfigured":false,"ipFamily":0,"message":"telegram.request.started"}
{"timestamp":"2026-04-17T02:01:00.445Z","level":"warn","event":"telegram.request.failed","endpoint":"https://api.telegram.org/bot<redacted>/getMe","method":"getMe","code":"TELEGRAM_TLS_HANDSHAKE_FAILED","message":"The HTTPS connection to api.telegram.org was interrupted during TLS negotiation: read ECONNRESET","diagnostics":{"endpoint":"https://api.telegram.org/bot<redacted>/getMe","proxyConfigured":false,"dnsOk":true,"tcpOk":true,"tlsOk":true,"httpStatus":0,"requestErrorCode":"ECONNRESET","requestErrorMessage":"read ECONNRESET"}}
{"timestamp":"2026-04-17T02:01:00.597Z","level":"info","event":"request.completed","method":"GET","path":"/api/assignments","statusCode":304,"durationMs":79,"ip":"::1","userId":"69d8f417a2187acfbe69049f","message":"request.completed"}
{"timestamp":"2026-04-17T02:01:00.599Z","level":"info","event":"request.completed","method":"GET","path":"/api/notes","statusCode":304,"durationMs":73,"ip":"::1","userId":"69d8f417a2187acfbe69049f","message":"request.completed"}
{"timestamp":"2026-04-17T02:01:00.607Z","level":"info","event":"request.completed","method":"GET","path":"/api/reminders","statusCode":304,"durationMs":88,"ip":"::1","userId":"69d8f417a2187acfbe69049f","message":"request.completed"}
{"timestamp":"2026-04-17T02:01:00.654Z","level":"info","event":"request.completed","method":"GET","path":"/api/integrations","statusCode":200,"durationMs":102,"ip":"::1","userId":"69d8f417a2187acfbe69049f","message":"request.completed"}
{"timestamp":"2026-04-17T02:01:00.677Z","level":"info","event":"request.completed","method":"GET","path":"/api/rooms","statusCode":304,"durationMs":123,"ip":"::1","userId":"69d8f417a2187acfbe69049f","message":"request.completed"}
{"timestamp":"2026-04-17T02:01:00.681Z","level":"info","event":"request.completed","method":"GET","path":"/api/dashboard/overview","statusCode":200,"durationMs":164,"ip":"::1","userId":"69d8f417a2187acfbe69049f","message":"request.completed"}
{"timestamp":"2026-04-17T02:01:12.749Z","level":"info","event":"telegram.request.started","endpoint":"https://api.telegram.org/bot<redacted>/getMe","method":"getMe","proxyConfigured":false,"ipFamily":0,"message":"telegram.request.started"}
{"timestamp":"2026-04-17T02:01:18.492Z","level":"info","event":"telegram.request.succeeded","endpoint":"https://api.telegram.org/bot<redacted>/getMe","method":"getMe","httpStatus":200,"message":"telegram.request.succeeded"}
{"timestamp":"2026-04-17T02:01:18.503Z","level":"info","event":"request.completed","method":"POST","path":"/api/integrations/69e18e470e7b8c8d1130f0db/telegram/test","statusCode":200,"durationMs":5781,"ip":"::1","userId":"69d8f417a2187acfbe69049f","message":"request.completed"}
{"timestamp":"2026-04-17T02:01:18.601Z","level":"info","event":"request.completed","method":"GET","path":"/api/assignments","statusCode":304,"durationMs":77,"ip":"::1","userId":"69d8f417a2187acfbe69049f","message":"request.completed"}
{"timestamp":"2026-04-17T02:01:18.609Z","level":"info","event":"request.completed","method":"GET","path":"/api/reminders","statusCode":304,"durationMs":84,"ip":"::1","userId":"69d8f417a2187acfbe69049f","message":"request.completed"}
{"timestamp":"2026-04-17T02:01:18.610Z","level":"info","event":"request.completed","method":"GET","path":"/api/notes","statusCode":304,"durationMs":85,"ip":"::1","userId":"69d8f417a2187acfbe69049f","message":"request.completed"}
{"timestamp":"2026-04-17T02:01:18.613Z","level":"info","event":"request.completed","method":"GET","path":"/api/integrations","statusCode":200,"durationMs":88,"ip":"::1","userId":"69d8f417a2187acfbe69049f","message":"request.completed"}
{"timestamp":"2026-04-17T02:01:18.630Z","level":"info","event":"request.completed","method":"GET","path":"/api/rooms","statusCode":304,"durationMs":85,"ip":"::1","userId":"69d8f417a2187acfbe69049f","message":"request.completed"}
{"timestamp":"2026-04-17T02:01:18.638Z","level":"info","event":"request.completed","method":"GET","path":"/api/dashboard/overview","statusCode":200,"durationMs":121,"ip":"::1","userId":"69d8f417a2187acfbe69049f","message":"request.completed"}
{"timestamp":"2026-04-17T02:01:29.593Z","level":"info","event":"telegram.request.started","endpoint":"https://api.telegram.org/bot<redacted>/getMe","method":"getMe","proxyConfigured":false,"ipFamily":0,"message":"telegram.request.started"}
{"timestamp":"2026-04-17T02:01:30.471Z","level":"info","event":"request.completed","method":"GET","path":"/api/assignments","statusCode":304,"durationMs":117,"ip":"::1","userId":"69d8f417a2187acfbe69049f","message":"request.completed"}
{"timestamp":"2026-04-17T02:01:30.479Z","level":"info","event":"request.completed","method":"GET","path":"/api/integrations","statusCode":200,"durationMs":96,"ip":"::1","userId":"69d8f417a2187acfbe69049f","message":"request.completed"}
{"timestamp":"2026-04-17T02:01:30.486Z","level":"info","event":"request.completed","method":"GET","path":"/api/reminders","statusCode":304,"durationMs":132,"ip":"::1","userId":"69d8f417a2187acfbe69049f","message":"request.completed"}
{"timestamp":"2026-04-17T02:01:30.489Z","level":"info","event":"request.completed","method":"GET","path":"/api/notes","statusCode":304,"durationMs":135,"ip":"::1","userId":"69d8f417a2187acfbe69049f","message":"request.completed"}
{"timestamp":"2026-04-17T02:01:30.500Z","level":"info","event":"request.completed","method":"GET","path":"/api/rooms","statusCode":304,"durationMs":114,"ip":"::1","userId":"69d8f417a2187acfbe69049f","message":"request.completed"}
{"timestamp":"2026-04-17T02:01:30.512Z","level":"info","event":"request.completed","method":"GET","path":"/api/dashboard/overview","statusCode":200,"durationMs":179,"ip":"::1","userId":"69d8f417a2187acfbe69049f","message":"request.completed"}
{"timestamp":"2026-04-17T02:01:38.263Z","level":"info","event":"telegram.request.started","endpoint":"https://api.telegram.org/bot<redacted>/getMe","method":"getMe","proxyConfigured":false,"ipFamily":0,"message":"telegram.request.started"}
{"timestamp":"2026-04-17T02:01:41.695Z","level":"info","event":"telegram.request.succeeded","endpoint":"https://api.telegram.org/bot<redacted>/getMe","method":"getMe","httpStatus":200,"message":"telegram.request.succeeded"}
{"timestamp":"2026-04-17T02:01:41.714Z","level":"info","event":"telegram.request.started","endpoint":"https://api.telegram.org/bot<redacted>/getUpdates","method":"getUpdates","proxyConfigured":false,"ipFamily":0,"message":"telegram.request.started"}
{"timestamp":"2026-04-17T02:01:44.187Z","level":"info","event":"telegram.request.succeeded","endpoint":"https://api.telegram.org/bot<redacted>/getUpdates","method":"getUpdates","httpStatus":200,"message":"telegram.request.succeeded"}
{"timestamp":"2026-04-17T02:01:44.225Z","level":"info","event":"request.completed","method":"POST","path":"/api/integrations/69e18e470e7b8c8d1130f0db/telegram/discover-chats","statusCode":200,"durationMs":5987,"ip":"::1","userId":"69d8f417a2187acfbe69049f","message":"request.completed"}
{"timestamp":"2026-04-17T02:01:44.395Z","level":"info","event":"request.completed","method":"GET","path":"/api/integrations","statusCode":200,"durationMs":117,"ip":"::1","userId":"69d8f417a2187acfbe69049f","message":"request.completed"}
{"timestamp":"2026-04-17T02:01:44.404Z","level":"info","event":"request.completed","method":"GET","path":"/api/assignments","statusCode":304,"durationMs":125,"ip":"::1","userId":"69d8f417a2187acfbe69049f","message":"request.completed"}
{"timestamp":"2026-04-17T02:01:44.415Z","level":"info","event":"request.completed","method":"GET","path":"/api/reminders","statusCode":304,"durationMs":135,"ip":"::1","userId":"69d8f417a2187acfbe69049f","message":"request.completed"}
{"timestamp":"2026-04-17T02:01:44.417Z","level":"info","event":"request.completed","method":"GET","path":"/api/notes","statusCode":304,"durationMs":135,"ip":"::1","userId":"69d8f417a2187acfbe69049f","message":"request.completed"}
{"timestamp":"2026-04-17T02:01:44.436Z","level":"info","event":"request.completed","method":"GET","path":"/api/rooms","statusCode":304,"durationMs":87,"ip":"::1","userId":"69d8f417a2187acfbe69049f","message":"request.completed"}
{"timestamp":"2026-04-17T02:01:44.451Z","level":"info","event":"request.completed","method":"GET","path":"/api/dashboard/overview","statusCode":200,"durationMs":211,"ip":"::1","userId":"69d8f417a2187acfbe69049f","message":"request.completed"}
{"timestamp":"2026-04-17T02:01:55.383Z","level":"info","event":"telegram.request.started","endpoint":"https://api.telegram.org/bot<redacted>/getMe","method":"getMe","proxyConfigured":false,"ipFamily":0,"message":"telegram.request.started"}
{"timestamp":"2026-04-17T02:01:58.785Z","level":"info","event":"telegram.request.succeeded","endpoint":"https://api.telegram.org/bot<redacted>/getMe","method":"getMe","httpStatus":200,"message":"telegram.request.succeeded"}
{"timestamp":"2026-04-17T02:01:58.786Z","level":"info","event":"telegram.request.started","endpoint":"https://api.telegram.org/bot<redacted>/getUpdates","method":"getUpdates","proxyConfigured":false,"ipFamily":0,"message":"telegram.request.started"}
{"timestamp":"2026-04-17T02:02:02.154Z","level":"info","event":"telegram.request.succeeded","endpoint":"https://api.telegram.org/bot<redacted>/getUpdates","method":"getUpdates","httpStatus":200,"message":"telegram.request.succeeded"}
{"timestamp":"2026-04-17T02:02:02.160Z","level":"info","event":"deadline.extracted","entity":"assignment","route":"integration.sync","provider":"telegram","connectionId":"69e18e470e7b8c8d1130f0db","rawDateToken":"17.04.26","rawTimeToken":"11 AM","resolvedDateTime":"2026-04-17T05:30:00.000Z","confidence":"high","ambiguityFlags":[],"message":"deadline.extracted"}
{"timestamp":"2026-04-17T02:02:02.228Z","level":"info","event":"deadline.extracted","entity":"assignment","route":"integration.sync","provider":"telegram","connectionId":"69e18e470e7b8c8d1130f0db","rawDateToken":"22-04-2026","rawTimeToken":"","resolvedDateTime":"2026-04-22T18:29:00.000Z","confidence":"medium","ambiguityFlags":["default-time-applied"],"message":"deadline.extracted"}
{"timestamp":"2026-04-17T02:02:02.247Z","level":"info","event":"integration.sync.completed","provider":"telegram","connectionId":"69e18e470e7b8c8d1130f0db","userId":"69d8f417a2187acfbe69049f","importedCount":2,"skippedDuplicates":0,"updatedCount":0,"failedRecords":0,"message":"integration.sync.completed"}
{"timestamp":"2026-04-17T02:02:02.249Z","level":"info","event":"request.completed","method":"POST","path":"/api/integrations/69e18e470e7b8c8d1130f0db/sync","statusCode":200,"durationMs":6890,"ip":"::1","userId":"69d8f417a2187acfbe69049f","message":"request.completed"}
{"timestamp":"2026-04-17T02:02:02.373Z","level":"info","event":"request.completed","method":"GET","path":"/api/assignments","statusCode":200,"durationMs":44,"ip":"::1","userId":"69d8f417a2187acfbe69049f","message":"request.completed"}
{"timestamp":"2026-04-17T02:02:02.388Z","level":"info","event":"request.completed","method":"GET","path":"/api/reminders","statusCode":200,"durationMs":59,"ip":"::1","userId":"69d8f417a2187acfbe69049f","message":"request.completed"}
{"timestamp":"2026-04-17T02:02:02.391Z","level":"info","event":"request.completed","method":"GET","path":"/api/notes","statusCode":304,"durationMs":62,"ip":"::1","userId":"69d8f417a2187acfbe69049f","message":"request.completed"}
{"timestamp":"2026-04-17T02:02:02.395Z","level":"info","event":"request.completed","method":"GET","path":"/api/integrations","statusCode":200,"durationMs":66,"ip":"::1","userId":"69d8f417a2187acfbe69049f","message":"request.completed"}
{"timestamp":"2026-04-17T02:02:02.410Z","level":"info","event":"request.completed","method":"GET","path":"/api/rooms","statusCode":304,"durationMs":80,"ip":"::1","userId":"69d8f417a2187acfbe69049f","message":"request.completed"}
{"timestamp":"2026-04-17T02:02:02.420Z","level":"info","event":"request.completed","method":"GET","path":"/api/dashboard/overview","statusCode":200,"durationMs":163,"ip":"::1","userId":"69d8f417a2187acfbe69049f","message":"request.completed"}
